[debug] [2018-09-10T03:38:04.436Z] ----------------------------------------------------------------------
[debug] [2018-09-10T03:38:04.441Z] Command:       /usr/bin/node /usr/bin/firebase init
[debug] [2018-09-10T03:38:04.441Z] CLI Version:   4.2.1
[debug] [2018-09-10T03:38:04.442Z] Platform:      linux
[debug] [2018-09-10T03:38:04.442Z] Node Version:  v9.11.2
[debug] [2018-09-10T03:38:04.442Z] Time:          Sun Sep 09 2018 23:38:04 GMT-0400 (-04)
[debug] [2018-09-10T03:38:04.442Z] ----------------------------------------------------------------------
[debug] 
[debug] [2018-09-10T03:38:04.589Z] > command requires scopes: ["email","openid","https://www.googleapis.com/auth/cloudplatformprojects.readonly","https://www.googleapis.com/auth/firebase"]
[debug] [2018-09-10T03:38:04.590Z] > authorizing via signed-in user
[info] 
     ######## #### ########  ######## ########     ###     ######  ########
     ##        ##  ##     ## ##       ##     ##  ##   ##  ##       ##
     ######    ##  ########  ######   ########  #########  ######  ######
     ##        ##  ##    ##  ##       ##     ## ##     ##       ## ##
     ##       #### ##     ## ######## ########  ##     ##  ######  ########

You're about to initialize a Firebase project in this directory:

  /home/gabriel/Escritorio/Angular/loginFirebase

Before we get started, keep in mind:

  * You are currently outside your home directory

